<?xml version="1.0" encoding="UTF-8"?>
<testsuite xmlns:xsi="http://www.w3.org/2001/XMLSchema-instance" xsi:noNamespaceSchemaLocation="https://maven.apache.org/surefire/maven-surefire-plugin/xsd/surefire-test-report.xsd" name="fit.AppTest" time="0.08" tests="4" errors="0" skipped="0" failures="0">
  <properties>
[...]
</properties>
  <testcase name="shouldCalculateInssWith11Percent" classname="fit.AppTest" time="0.009"/>
  <testcase name="shouldCalculateIrpfValueWithDependents" classname="fit.AppTest" time="0"/>
  <testcase name="shouldCalculateTotalDiscountValue" classname="fit.AppTest" time="0"/>
  <testcase name="shouldCalculateIrpfValue" classname="fit.AppTest" time="0"/>
</testsuite>